{
  "RSpec": {
    "coverage": {
      "/home/ishiy/Projects/teste_delivery_center/spec/controllers/orders_controller_spec.rb": {
        "lines": [
          1,
          null,
          1,
          2,
          1,
          2,
          null,
          1,
          1,
          1,
          1,
          null,
          1,
          1,
          null,
          null,
          null,
          null
        ]
      },
      "/home/ishiy/Projects/teste_delivery_center/spec/rails_helper.rb": {
        "lines": [
          null,
          1,
          1,
          1,
          null,
          1,
          1,
          null,
          1,
          null,
          null,
          null,
          null,
          null,
          null,
          null,
          null,
          null,
          null,
          null,
          null,
          null,
          null,
          null,
          null,
          null,
          null,
          1,
          1,
          null,
          0,
          0,
          null,
          1,
          null,
          1,
          null,
          null,
          null,
          null,
          1,
          null,
          null,
          null,
          null,
          null,
          null,
          null,
          null,
          null,
          null,
          null,
          null,
          null,
          null,
          1,
          null,
          null,
          1,
          null,
          null,
          null,
          1,
          null,
          null,
          1,
          1,
          1,
          1,
          null,
          null
        ]
      },
      "/home/ishiy/Projects/teste_delivery_center/config/environment.rb": {
        "lines": [
          null,
          1,
          null,
          null,
          1
        ]
      },
      "/home/ishiy/Projects/teste_delivery_center/config/application.rb": {
        "lines": [
          1,
          null,
          1,
          null,
          1,
          1,
          1,
          1,
          1,
          1,
          1,
          1,
          null,
          1,
          null,
          null,
          null,
          1,
          null,
          1,
          1,
          null,
          1,
          null,
          1,
          null,
          null,
          null,
          null,
          null,
          null,
          null,
          null,
          null,
          1,
          null,
          1,
          null,
          null
        ]
      },
      "/home/ishiy/Projects/teste_delivery_center/config/boot.rb": {
        "lines": [
          1,
          null,
          1,
          1
        ]
      },
      "/home/ishiy/Projects/teste_delivery_center/config/environments/test.rb": {
        "lines": [
          1,
          null,
          null,
          null,
          null,
          null,
          null,
          1,
          null,
          null,
          null,
          null,
          1,
          null,
          null,
          1,
          1,
          null,
          null,
          null,
          null,
          1,
          1,
          null,
          null,
          1,
          null,
          null,
          1,
          null,
          null,
          1,
          null,
          1,
          null,
          null,
          null,
          null,
          1,
          null,
          null,
          1,
          null,
          null,
          null,
          null
        ]
      },
      "/home/ishiy/Projects/teste_delivery_center/config/initializers/apipie.rb": {
        "lines": [
          1,
          1,
          1,
          1,
          1,
          1,
          null
        ]
      },
      "/home/ishiy/Projects/teste_delivery_center/config/initializers/application_controller_renderer.rb": {
        "lines": [
          null,
          null,
          null,
          null,
          null,
          null,
          null,
          null
        ]
      },
      "/home/ishiy/Projects/teste_delivery_center/config/initializers/backtrace_silencers.rb": {
        "lines": [
          null,
          null,
          null,
          null,
          null,
          null,
          null
        ]
      },
      "/home/ishiy/Projects/teste_delivery_center/config/initializers/cors.rb": {
        "lines": [
          null,
          null,
          null,
          null,
          null,
          null,
          null,
          null,
          null,
          null,
          null,
          null,
          null,
          null,
          null,
          null
        ]
      },
      "/home/ishiy/Projects/teste_delivery_center/config/initializers/filter_parameter_logging.rb": {
        "lines": [
          null,
          null,
          null,
          1
        ]
      },
      "/home/ishiy/Projects/teste_delivery_center/config/initializers/inflections.rb": {
        "lines": [
          null,
          null,
          null,
          null,
          null,
          null,
          null,
          null,
          null,
          null,
          null,
          null,
          null,
          null,
          null,
          null
        ]
      },
      "/home/ishiy/Projects/teste_delivery_center/config/initializers/mime_types.rb": {
        "lines": [
          null,
          null,
          null,
          null
        ]
      },
      "/home/ishiy/Projects/teste_delivery_center/config/initializers/wrap_parameters.rb": {
        "lines": [
          null,
          null,
          null,
          null,
          null,
          null,
          1,
          2,
          null,
          null,
          null,
          null,
          null,
          null
        ]
      },
      "/home/ishiy/Projects/teste_delivery_center/config/routes.rb": {
        "lines": [
          1,
          null,
          1,
          1,
          1,
          null,
          null,
          null,
          1,
          null,
          1,
          null,
          null
        ]
      },
      "/home/ishiy/Projects/teste_delivery_center/spec/support/helpers/hash_flatter_helper.rb": {
        "lines": [
          1,
          1,
          null,
          null,
          null,
          null,
          1,
          3,
          null,
          null,
          1,
          null,
          1,
          147,
          29,
          138,
          null,
          118,
          13,
          7,
          6,
          null,
          null,
          111,
          null,
          null,
          null,
          1,
          36,
          null,
          154,
          144,
          111,
          null,
          null,
          null,
          null
        ]
      },
      "/home/ishiy/Projects/teste_delivery_center/app/controllers/api/v1/orders_controller.rb": {
        "lines": [
          1,
          1,
          1,
          null,
          1,
          null,
          1,
          1,
          1,
          null,
          null,
          1,
          null,
          1,
          1,
          null,
          null,
          null,
          null
        ]
      },
      "/home/ishiy/Projects/teste_delivery_center/app/controllers/api/application_controller.rb": {
        "lines": [
          1,
          1,
          null,
          1,
          1,
          1,
          1,
          null,
          1,
          null,
          1,
          0,
          null,
          null,
          1,
          0,
          null,
          null,
          1,
          0,
          null,
          null,
          1,
          0,
          null,
          null,
          null,
          null
        ]
      },
      "/home/ishiy/Projects/teste_delivery_center/spec/forms/mercado_livre/order_form_spec.rb": {
        "lines": [
          1,
          null,
          1,
          14,
          1,
          null,
          2,
          1,
          null,
          10,
          null,
          1,
          2,
          2,
          2,
          2,
          2,
          2,
          2,
          2,
          2,
          2,
          2,
          null,
          null,
          1,
          1,
          1,
          1,
          null,
          1,
          1,
          1,
          1,
          null,
          1,
          null,
          1,
          null,
          null,
          null,
          1,
          1,
          1,
          1,
          null,
          1,
          null,
          null,
          null,
          null,
          null,
          null,
          null,
          null,
          null,
          null,
          null,
          null,
          null,
          null,
          null,
          null,
          null,
          null,
          null,
          null,
          null,
          null,
          null,
          null,
          null,
          null,
          null,
          null,
          null,
          null,
          null,
          null,
          null
        ]
      },
      "/home/ishiy/Projects/teste_delivery_center/app/forms/mercado_livre/order_form.rb": {
        "lines": [
          1,
          1,
          1,
          1,
          null,
          1,
          1,
          1,
          null,
          1,
          1,
          1,
          1,
          null,
          1,
          1,
          null,
          1,
          1,
          null,
          1,
          null,
          null,
          null,
          null,
          null,
          null,
          null,
          null,
          null,
          null,
          null,
          null,
          null,
          null,
          null,
          null,
          null,
          null,
          null,
          null,
          2,
          null,
          null,
          1,
          null,
          null,
          null,
          null,
          null,
          2,
          null,
          null,
          1,
          2,
          null,
          null,
          null,
          null,
          null,
          null,
          null,
          2,
          null,
          null,
          null,
          1,
          2,
          null,
          null,
          null,
          2,
          null,
          null,
          null
        ]
      },
      "/home/ishiy/Projects/teste_delivery_center/app/forms/application_form.rb": {
        "lines": [
          1,
          1,
          1,
          1,
          1,
          null
        ]
      },
      "/home/ishiy/Projects/teste_delivery_center/app/forms/mercado_livre/order_item_form.rb": {
        "lines": [
          1,
          1,
          1,
          null,
          1,
          null,
          1,
          null,
          1,
          null,
          1,
          null,
          1,
          2,
          null,
          null
        ]
      },
      "/home/ishiy/Projects/teste_delivery_center/app/forms/mercado_livre/item_form.rb": {
        "lines": [
          1,
          1,
          1,
          null,
          1,
          null
        ]
      },
      "/home/ishiy/Projects/teste_delivery_center/app/validators/nested_forms_validator.rb": {
        "lines": [
          1,
          1,
          120,
          120,
          115,
          22,
          22,
          null,
          93,
          93,
          null,
          null,
          null,
          null
        ]
      },
      "/home/ishiy/Projects/teste_delivery_center/app/forms/mercado_livre/shipping_form.rb": {
        "lines": [
          1,
          1,
          null,
          1,
          null,
          1,
          null
        ]
      },
      "/home/ishiy/Projects/teste_delivery_center/app/forms/mercado_livre/address_form.rb": {
        "lines": [
          1,
          1,
          1,
          1,
          1,
          null,
          1,
          1,
          1,
          1,
          null,
          1,
          1,
          null,
          1,
          1,
          1,
          null,
          1,
          null
        ]
      },
      "/home/ishiy/Projects/teste_delivery_center/app/forms/mercado_livre/country_form.rb": {
        "lines": [
          1,
          1,
          null,
          1,
          null
        ]
      },
      "/home/ishiy/Projects/teste_delivery_center/app/forms/mercado_livre/state_form.rb": {
        "lines": [
          1,
          1,
          null
        ]
      },
      "/home/ishiy/Projects/teste_delivery_center/app/forms/mercado_livre/city_form.rb": {
        "lines": [
          1,
          1,
          null,
          1,
          null
        ]
      },
      "/home/ishiy/Projects/teste_delivery_center/app/forms/mercado_livre/neighborhood_form.rb": {
        "lines": [
          1,
          1,
          null,
          1,
          null
        ]
      },
      "/home/ishiy/Projects/teste_delivery_center/app/forms/mercado_livre/buyer_form.rb": {
        "lines": [
          1,
          1,
          1,
          1,
          1,
          null,
          1,
          null,
          1,
          null,
          1,
          null,
          1,
          2,
          null,
          null
        ]
      },
      "/home/ishiy/Projects/teste_delivery_center/app/forms/mercado_livre/phone_form.rb": {
        "lines": [
          1,
          1,
          1,
          null,
          1,
          null,
          1,
          2,
          null,
          null
        ]
      },
      "/home/ishiy/Projects/teste_delivery_center/app/forms/mercado_livre/payment_form.rb": {
        "lines": [
          1,
          1,
          1,
          null,
          1,
          null
        ]
      },
      "/home/ishiy/Projects/teste_delivery_center/spec/models/customer_spec.rb": {
        "lines": [
          1,
          null,
          1,
          1,
          2,
          null,
          null,
          1,
          2,
          2,
          2,
          2,
          null,
          null
        ]
      },
      "/home/ishiy/Projects/teste_delivery_center/app/models/customer.rb": {
        "lines": [
          1,
          null,
          null,
          1,
          null,
          null,
          null,
          null,
          1,
          null,
          null,
          null
        ]
      },
      "/home/ishiy/Projects/teste_delivery_center/app/models/application_record.rb": {
        "lines": [
          1,
          1,
          null
        ]
      },
      "/home/ishiy/Projects/teste_delivery_center/spec/models/item_spec.rb": {
        "lines": [
          1,
          null,
          1,
          1,
          2,
          null,
          null,
          1,
          2,
          2,
          2,
          2,
          2,
          null,
          null
        ]
      },
      "/home/ishiy/Projects/teste_delivery_center/app/models/item.rb": {
        "lines": [
          1,
          null,
          null,
          1,
          1,
          1,
          null,
          1,
          null,
          null,
          null,
          null,
          1,
          1,
          null,
          null,
          null,
          null,
          null,
          1,
          0,
          0,
          0,
          0,
          null,
          null,
          null,
          null
        ]
      },
      "/home/ishiy/Projects/teste_delivery_center/spec/models/order_spec.rb": {
        "lines": [
          1,
          null,
          1,
          21,
          1,
          null,
          21,
          null,
          1,
          2,
          2,
          2,
          null,
          null,
          1,
          2,
          2,
          2,
          2,
          2,
          2,
          2,
          2,
          2,
          2,
          2,
          2,
          2,
          2,
          2,
          2,
          null,
          null,
          1,
          1,
          1,
          1,
          1,
          1,
          1,
          1,
          null,
          null,
          null
        ]
      },
      "/home/ishiy/Projects/teste_delivery_center/app/models/order.rb": {
        "lines": [
          1,
          null,
          null,
          1,
          1,
          1,
          null,
          1,
          null,
          null,
          null,
          null,
          1,
          1,
          1,
          1,
          1,
          null,
          null,
          null,
          null,
          null,
          1,
          2,
          2,
          2,
          2,
          2,
          null,
          null,
          null,
          null
        ]
      },
      "/home/ishiy/Projects/teste_delivery_center/spec/models/payment_spec.rb": {
        "lines": [
          1,
          null,
          1,
          1,
          2,
          null,
          null,
          1,
          2,
          2,
          null,
          null
        ]
      },
      "/home/ishiy/Projects/teste_delivery_center/app/models/payment.rb": {
        "lines": [
          1,
          null,
          null,
          1,
          null,
          null,
          null,
          null,
          1,
          null,
          null,
          null,
          null,
          1,
          1,
          null,
          null,
          null,
          null,
          1,
          0,
          null,
          null,
          1,
          21,
          null,
          null,
          null,
          null,
          null,
          null,
          1,
          0,
          0,
          0,
          null,
          null,
          null,
          null
        ]
      },
      "/home/ishiy/Projects/teste_delivery_center/app/operations/order_exporter.rb": {
        "lines": [
          1,
          1,
          null,
          1,
          1,
          1,
          1,
          null,
          null,
          1,
          1,
          null,
          null,
          1,
          1,
          1,
          1,
          1,
          null,
          null,
          1,
          null,
          1,
          1,
          1,
          null,
          null,
          1,
          1,
          1,
          null,
          null,
          1,
          1,
          null,
          null,
          null,
          null,
          null,
          null,
          null,
          null,
          null,
          1,
          0,
          null,
          null,
          null,
          null,
          null,
          null,
          1,
          0,
          null,
          null,
          1,
          0,
          null,
          null,
          null,
          null,
          null,
          0,
          null,
          null,
          null,
          null
        ]
      }
    },
    "timestamp": 1601496477
  }
}
